#
# There is insufficient memory for the Java Runtime Environment to continue.
# Native memory allocation (malloc) failed to allocate 32744 bytes for ChunkPool::allocate
# Possible reasons:
#   The system is out of physical RAM or swap space
#   The process is running with CompressedOops enabled, and the Java Heap may be blocking the growth of the native heap
# Possible solutions:
#   Reduce memory load on the system
#   Increase physical memory or swap space
#   Check if swap backing store is full
#   Decrease Java heap size (-Xmx/-Xms)
#   Decrease number of Java threads
#   Decrease Java thread stack sizes (-Xss)
#   Set larger code cache with -XX:ReservedCodeCacheSize=
#   JVM is running with Unscaled Compressed Oops mode in which the Java heap is
#     placed in the first 4GB address space. The Java Heap base address is the
#     maximum limit for the native heap growth. Please use -XX:HeapBaseMinAddress
#     to set the Java Heap base and to place the Java Heap above 4GB virtual address.
# This output file may be truncated or incomplete.
#
#  Out of Memory Error (allocation.cpp:273), pid=16268, tid=0x000000000000644c
#
# JRE version: Java(TM) SE Runtime Environment (8.0_201-b09) (build 1.8.0_201-b09)
# Java VM: Java HotSpot(TM) 64-Bit Server VM (25.201-b09 mixed mode windows-amd64 compressed oops)
# Failed to write core dump. Minidumps are not enabled by default on client versions of Windows
#

---------------  T H R E A D  ---------------

Current thread (0x0000000017edd800):  JavaThread "C2 CompilerThread1" daemon [_thread_in_native, id=25676, stack(0x000000001a6a0000,0x000000001a7a0000)]

Stack: [0x000000001a6a0000,0x000000001a7a0000]
[error occurred during error reporting (printing stack bounds), id 0xc0000005]

Native frames: (J=compiled Java code, j=interpreted, Vv=VM code, C=native code)


Current CompileTask:
C2:   5372 1943       4       java.net.URLClassLoader$1::run (5 bytes)


---------------  P R O C E S S  ---------------

Java Threads: ( => current thread )
  0x000000001bb58800 JavaThread "Hibernate Connection Pool Validation Thread" daemon [_thread_blocked, id=23492, stack(0x000000001d370000,0x000000001d470000)]
  0x000000001b967000 JavaThread "InterruptTimer" daemon [_thread_blocked, id=20476, stack(0x000000001d270000,0x000000001d370000)]
  0x000000001b919800 JavaThread "oracle.jdbc.driver.BlockSource.ThreadedCachingBlockSource.BlockReleaser" daemon [_thread_blocked, id=28496, stack(0x000000001cf70000,0x000000001d070000)]
  0x000000001b87a000 JavaThread "Timer-0" daemon [_thread_blocked, id=18792, stack(0x000000001ce70000,0x000000001cf70000)]
  0x000000001b200000 JavaThread "Abandoned connection cleanup thread" daemon [_thread_blocked, id=25316, stack(0x000000001c970000,0x000000001ca70000)]
  0x0000000019d7d000 JavaThread "Service Thread" daemon [_thread_blocked, id=24416, stack(0x000000001a9a0000,0x000000001aaa0000)]
  0x0000000019d2c000 JavaThread "C1 CompilerThread3" daemon [_thread_blocked, id=27992, stack(0x000000001a8a0000,0x000000001a9a0000)]
  0x0000000017ede800 JavaThread "C2 CompilerThread2" daemon [_thread_blocked, id=7224, stack(0x000000001a7a0000,0x000000001a8a0000)]
=>0x0000000017edd800 JavaThread "C2 CompilerThread1" daemon [_thread_in_native, id=25676, stack(0x000000001a6a0000,0x000000001a7a0000)]
  0x0000000019cdd800 JavaThread "C2 CompilerThread0" daemon [_thread_blocked, id=12004, stack(0x000000001a5a0000,0x000000001a6a0000)]
  0x0000000019cda800 JavaThread "Attach Listener" daemon [_thread_blocked, id=16076, stack(0x000000001a4a0000,0x000000001a5a0000)]
  0x0000000017ed8800 JavaThread "Signal Dispatcher" daemon [_thread_blocked, id=28228, stack(0x000000001a3a0000,0x000000001a4a0000)]
  0x0000000019cc0800 JavaThread "Finalizer" daemon [_thread_blocked, id=26832, stack(0x000000001a1a0000,0x000000001a2a0000)]
  0x0000000017ecd000 JavaThread "Reference Handler" daemon [_thread_blocked, id=12028, stack(0x000000001a0a0000,0x000000001a1a0000)]
  0x0000000002ed4000 JavaThread "main" [_thread_in_native, id=27112, stack(0x0000000002dd0000,0x0000000002ed0000)]

Other Threads:
  0x0000000017ec8800 VMThread [stack: 0x0000000019ba0000,0x0000000019ca0000] [id=11584]
  0x0000000019d8f000 WatcherThread [stack: 0x000000001aaa0000,0x000000001aba0000] [id=18992]

VM state:not at safepoint (normal execution)

VM Mutex/Monitor currently owned by a thread: None

heap address: 0x0000000082600000, size: 2010 MB, Compressed Oops mode: 32-bit
Narrow klass base: 0x0000000000000000, Narrow klass shift: 3
Compressed class space size: 1073741824 Address: 0x0000000100000000

Heap:
 PSYoungGen      total 37888K, used 34092K [0x00000000d6200000, 0x00000000d9680000, 0x0000000100000000)
  eden space 32768K, 88% used [0x00000000d6200000,0x00000000d7e4b9d8,0x00000000d8200000)
  from space 5120K, 99% used [0x00000000d8700000,0x00000000d8bff778,0x00000000d8c00000)
  to   space 5120K, 0% used [0x00000000d8200000,0x00000000d8200000,0x00000000d8700000)
 ParOldGen       total 64512K, used 9469K [0x0000000082600000, 0x0000000086500000, 0x00000000d6200000)
  object space 64512K, 14% used [0x0000000082600000,0x0000000082f3f680,0x0000000086500000)
 Metaspace       used 31280K, capacity 31674K, committed 32000K, reserved 1077248K
  class space    used 4163K, capacity 4285K, committed 4352K, reserved 1048576K

Card table byte_map: [0x0000000012390000,0x0000000012780000] byte_map_base: 0x0000000011f7d000

Marking Bits: (ParMarkBitMap*) 0x0000000061304ce0
 Begin Bits: [0x0000000013220000, 0x0000000015188000)
 End Bits:   [0x0000000015188000, 0x00000000170f0000)

Polling page: 0x00000000011a0000

CodeCache: size=245760Kb used=6598Kb max_used=6602Kb free=239161Kb
 bounds [0x0000000002fd0000, 0x0000000003650000, 0x0000000011fd0000]
 total_blobs=2497 nmethods=1979 adapters=430
 compilation: enabled

Compilation events (10 events):
Event: 5.209 Thread 0x0000000019cdd800 1976       4       java.util.jar.Attributes$Name::hashCode (24 bytes)
Event: 5.216 Thread 0x0000000019cdd800 nmethod 1976 0x0000000003635790 code [0x00000000036358e0, 0x0000000003635bb8]
Event: 5.240 Thread 0x0000000019d2c000 1977       3       java.lang.Class$MethodArray::<init> (7 bytes)
Event: 5.240 Thread 0x0000000019d2c000 nmethod 1977 0x0000000003634d90 code [0x0000000003634f00, 0x0000000003635088]
Event: 5.247 Thread 0x0000000019d2c000 1978       3       java.util.regex.Pattern::nextEscaped (19 bytes)
Event: 5.248 Thread 0x0000000019d2c000 nmethod 1978 0x00000000036349d0 code [0x0000000003634b20, 0x0000000003634cb0]
Event: 5.279 Thread 0x0000000019d2c000 1979       1       org.apache.log4j.spi.DefaultRepositorySelector::getLoggerRepository (5 bytes)
Event: 5.279 Thread 0x0000000019d2c000 nmethod 1979 0x00000000036344d0 code [0x0000000003634620, 0x0000000003634730]
Event: 5.288 Thread 0x0000000019d2c000 1980       3       java.lang.invoke.MethodType::basicType (8 bytes)
Event: 5.289 Thread 0x0000000019d2c000 nmethod 1980 0x00000000036340d0 code [0x0000000003634220, 0x0000000003634410]

GC Heap History (10 events):
Event: 0.285 GC heap before
{Heap before GC invocations=1 (full 0):
 PSYoungGen      total 37888K, used 32735K [0x00000000d6200000, 0x00000000d8c00000, 0x0000000100000000)
  eden space 32768K, 99% used [0x00000000d6200000,0x00000000d81f7f50,0x00000000d8200000)
  from space 5120K, 0% used [0x00000000d8700000,0x00000000d8700000,0x00000000d8c00000)
  to   space 5120K, 0% used [0x00000000d8200000,0x00000000d8200000,0x00000000d8700000)
 ParOldGen       total 86016K, used 0K [0x0000000082600000, 0x0000000087a00000, 0x00000000d6200000)
  object space 86016K, 0% used [0x0000000082600000,0x0000000082600000,0x0000000087a00000)
 Metaspace       used 2788K, capacity 4490K, committed 4864K, reserved 1056768K
  class space    used 304K, capacity 386K, committed 512K, reserved 1048576K
Event: 0.286 GC heap after
Heap after GC invocations=1 (full 0):
 PSYoungGen      total 37888K, used 640K [0x00000000d6200000, 0x00000000d8c00000, 0x0000000100000000)
  eden space 32768K, 0% used [0x00000000d6200000,0x00000000d6200000,0x00000000d8200000)
  from space 5120K, 12% used [0x00000000d8200000,0x00000000d82a0238,0x00000000d8700000)
  to   space 5120K, 0% used [0x00000000d8700000,0x00000000d8700000,0x00000000d8c00000)
 ParOldGen       total 86016K, used 8K [0x0000000082600000, 0x0000000087a00000, 0x00000000d6200000)
  object space 86016K, 0% used [0x0000000082600000,0x0000000082602000,0x0000000087a00000)
 Metaspace       used 2788K, capacity 4490K, committed 4864K, reserved 1056768K
  class space    used 304K, capacity 386K, committed 512K, reserved 1048576K
}
Event: 1.428 GC heap before
{Heap before GC invocations=2 (full 0):
 PSYoungGen      total 37888K, used 33408K [0x00000000d6200000, 0x00000000d8c00000, 0x0000000100000000)
  eden space 32768K, 100% used [0x00000000d6200000,0x00000000d8200000,0x00000000d8200000)
  from space 5120K, 12% used [0x00000000d8200000,0x00000000d82a0238,0x00000000d8700000)
  to   space 5120K, 0% used [0x00000000d8700000,0x00000000d8700000,0x00000000d8c00000)
 ParOldGen       total 86016K, used 8K [0x0000000082600000, 0x0000000087a00000, 0x00000000d6200000)
  object space 86016K, 0% used [0x0000000082600000,0x0000000082602000,0x0000000087a00000)
 Metaspace       used 10136K, capacity 10258K, committed 10368K, reserved 1058816K
  class space    used 1311K, capacity 1373K, committed 1408K, reserved 1048576K
Event: 1.435 GC heap after
Heap after GC invocations=2 (full 0):
 PSYoungGen      total 37888K, used 5097K [0x00000000d6200000, 0x00000000d8c00000, 0x0000000100000000)
  eden space 32768K, 0% used [0x00000000d6200000,0x00000000d6200000,0x00000000d8200000)
  from space 5120K, 99% used [0x00000000d8700000,0x00000000d8bfa5d0,0x00000000d8c00000)
  to   space 5120K, 0% used [0x00000000d8200000,0x00000000d8200000,0x00000000d8700000)
 ParOldGen       total 86016K, used 438K [0x0000000082600000, 0x0000000087a00000, 0x00000000d6200000)
  object space 86016K, 0% used [0x0000000082600000,0x000000008266d8c0,0x0000000087a00000)
 Metaspace       used 10136K, capacity 10258K, committed 10368K, reserved 1058816K
  class space    used 1311K, capacity 1373K, committed 1408K, reserved 1048576K
}
Event: 3.151 GC heap before
{Heap before GC invocations=3 (full 0):
 PSYoungGen      total 37888K, used 36384K [0x00000000d6200000, 0x00000000d8c00000, 0x0000000100000000)
  eden space 32768K, 95% used [0x00000000d6200000,0x00000000d808da98,0x00000000d8200000)
  from space 5120K, 99% used [0x00000000d8700000,0x00000000d8bfa5d0,0x00000000d8c00000)
  to   space 5120K, 0% used [0x00000000d8200000,0x00000000d8200000,0x00000000d8700000)
 ParOldGen       total 86016K, used 438K [0x0000000082600000, 0x0000000087a00000, 0x00000000d6200000)
  object space 86016K, 0% used [0x0000000082600000,0x000000008266d8c0,0x0000000087a00000)
 Metaspace       used 20822K, capacity 21020K, committed 21296K, reserved 1067008K
  class space    used 2731K, capacity 2820K, committed 2944K, reserved 1048576K
Event: 3.160 GC heap after
Heap after GC invocations=3 (full 0):
 PSYoungGen      total 37888K, used 5099K [0x00000000d6200000, 0x00000000d8c00000, 0x0000000100000000)
  eden space 32768K, 0% used [0x00000000d6200000,0x00000000d6200000,0x00000000d8200000)
  from space 5120K, 99% used [0x00000000d8200000,0x00000000d86fae28,0x00000000d8700000)
  to   space 5120K, 0% used [0x00000000d8700000,0x00000000d8700000,0x00000000d8c00000)
 ParOldGen       total 86016K, used 2644K [0x0000000082600000, 0x0000000087a00000, 0x00000000d6200000)
  object space 86016K, 3% used [0x0000000082600000,0x0000000082895298,0x0000000087a00000)
 Metaspace       used 20822K, capacity 21020K, committed 21296K, reserved 1067008K
  class space    used 2731K, capacity 2820K, committed 2944K, reserved 1048576K
}
Event: 3.160 GC heap before
{Heap before GC invocations=4 (full 1):
 PSYoungGen      total 37888K, used 5099K [0x00000000d6200000, 0x00000000d8c00000, 0x0000000100000000)
  eden space 32768K, 0% used [0x00000000d6200000,0x00000000d6200000,0x00000000d8200000)
  from space 5120K, 99% used [0x00000000d8200000,0x00000000d86fae28,0x00000000d8700000)
  to   space 5120K, 0% used [0x00000000d8700000,0x00000000d8700000,0x00000000d8c00000)
 ParOldGen       total 86016K, used 2644K [0x0000000082600000, 0x0000000087a00000, 0x00000000d6200000)
  object space 86016K, 3% used [0x0000000082600000,0x0000000082895298,0x0000000087a00000)
 Metaspace       used 20822K, capacity 21020K, committed 21296K, reserved 1067008K
  class space    used 2731K, capacity 2820K, committed 2944K, reserved 1048576K
Event: 3.190 GC heap after
Heap after GC invocations=4 (full 1):
 PSYoungGen      total 37888K, used 0K [0x00000000d6200000, 0x00000000d8c00000, 0x0000000100000000)
  eden space 32768K, 0% used [0x00000000d6200000,0x00000000d6200000,0x00000000d8200000)
  from space 5120K, 0% used [0x00000000d8200000,0x00000000d8200000,0x00000000d8700000)
  to   space 5120K, 0% used [0x00000000d8700000,0x00000000d8700000,0x00000000d8c00000)
 ParOldGen       total 64512K, used 7017K [0x0000000082600000, 0x0000000086500000, 0x00000000d6200000)
  object space 64512K, 10% used [0x0000000082600000,0x0000000082cda780,0x0000000086500000)
 Metaspace       used 20822K, capacity 21020K, committed 21296K, reserved 1067008K
  class space    used 2731K, capacity 2820K, committed 2944K, reserved 1048576K
}
Event: 4.609 GC heap before
{Heap before GC invocations=5 (full 1):
 PSYoungGen      total 37888K, used 32768K [0x00000000d6200000, 0x00000000d8c00000, 0x0000000100000000)
  eden space 32768K, 100% used [0x00000000d6200000,0x00000000d8200000,0x00000000d8200000)
  from space 5120K, 0% used [0x00000000d8200000,0x00000000d8200000,0x00000000d8700000)
  to   space 5120K, 0% used [0x00000000d8700000,0x00000000d8700000,0x00000000d8c00000)
 ParOldGen       total 64512K, used 7017K [0x0000000082600000, 0x0000000086500000, 0x00000000d6200000)
  object space 64512K, 10% used [0x0000000082600000,0x0000000082cda780,0x0000000086500000)
 Metaspace       used 26169K, capacity 26526K, committed 26752K, reserved 1073152K
  class space    used 3484K, capacity 3625K, committed 3712K, reserved 1048576K
Event: 4.615 GC heap after
Heap after GC invocations=5 (full 1):
 PSYoungGen      total 37888K, used 5117K [0x00000000d6200000, 0x00000000d9680000, 0x0000000100000000)
  eden space 32768K, 0% used [0x00000000d6200000,0x00000000d6200000,0x00000000d8200000)
  from space 5120K, 99% used [0x00000000d8700000,0x00000000d8bff778,0x00000000d8c00000)
  to   space 5120K, 0% used [0x00000000d8200000,0x00000000d8200000,0x00000000d8700000)
 ParOldGen       total 64512K, used 9469K [0x0000000082600000, 0x0000000086500000, 0x00000000d6200000)
  object space 64512K, 14% used [0x0000000082600000,0x0000000082f3f680,0x0000000086500000)
 Metaspace       used 26169K, capacity 26526K, committed 26752K, reserved 1073152K
  class space    used 3484K, capacity 3625K, committed 3712K, reserved 1048576K
}

Deoptimization events (10 events):
Event: 3.089 Thread 0x0000000002ed4000 Uncommon trap: reason=bimorphic action=maybe_recompile pc=0x00000000033c0aa4 method=java.util.regex.Pattern$Curly.match(Ljava/util/regex/Matcher;ILjava/lang/CharSequence;)Z @ 19
Event: 3.796 Thread 0x0000000002ed4000 Uncommon trap: reason=unstable_if action=reinterpret pc=0x000000000337cfc8 method=java.lang.String$CaseInsensitiveComparator.compare(Ljava/lang/String;Ljava/lang/String;)I @ 70
Event: 3.872 Thread 0x0000000002ed4000 Uncommon trap: reason=unstable_if action=reinterpret pc=0x000000000343d8dc method=java.lang.Integer.parseInt(Ljava/lang/String;I)I @ 122
Event: 4.690 Thread 0x0000000002ed4000 Uncommon trap: reason=unstable_if action=reinterpret pc=0x0000000003598220 method=oracle.jdbc.driver.T4CTTIrxd.unmarshal([Loracle/jdbc/driver/Accessor;II)Z @ 43
Event: 4.690 Thread 0x0000000002ed4000 Uncommon trap: reason=unstable_if action=reinterpret pc=0x00000000035c2584 method=oracle.jdbc.driver.DynamicByteArray.unmarshalBuffer(Loracle/jdbc/driver/T4CMAREngine;I)V @ 32
Event: 4.690 Thread 0x0000000002ed4000 Uncommon trap: reason=unstable_if action=reinterpret pc=0x0000000003573c94 method=oracle.jdbc.driver.Accessor.setNull(IZ)V @ 34
Event: 4.690 Thread 0x0000000002ed4000 Uncommon trap: reason=unstable_if action=reinterpret pc=0x00000000035ccd0c method=oracle.jdbc.driver.Accessor.setNull(IZ)V @ 34
Event: 4.691 Thread 0x0000000002ed4000 Uncommon trap: reason=null_check action=make_not_entrant pc=0x000000000358d7e0 method=oracle.jdbc.driver.OracleStatement.getColumnIndex(Ljava/lang/String;)I @ 12
Event: 4.691 Thread 0x0000000002ed4000 Uncommon trap: reason=null_check action=make_not_entrant pc=0x000000000358c654 method=oracle.jdbc.driver.OracleStatement.getColumnIndex(Ljava/lang/String;)I @ 12
Event: 4.722 Thread 0x0000000002ed4000 Uncommon trap: reason=unstable_if action=reinterpret pc=0x0000000003591f5c method=org.jboss.logging.Log4jLogger.isEnabled(Lorg/jboss/logging/Logger$Level;)Z @ 13

Classes redefined (0 events):
No events

Internal exceptions (10 events):
Event: 1.381 Thread 0x0000000002ed4000 Exception <a 'java/lang/ArrayIndexOutOfBoundsException'> (0x00000000d8034190) thrown at [C:\re\workspace\8-2-build-windows-amd64-cygwin\jdk8u201\12322\hotspot\src\share\vm\runtime\sharedRuntime.cpp, line 605]
Event: 1.382 Thread 0x0000000002ed4000 Exception <a 'java/lang/ArrayIndexOutOfBoundsException'> (0x00000000d8035468) thrown at [C:\re\workspace\8-2-build-windows-amd64-cygwin\jdk8u201\12322\hotspot\src\share\vm\runtime\sharedRuntime.cpp, line 605]
Event: 1.382 Thread 0x0000000002ed4000 Exception <a 'java/lang/ArrayIndexOutOfBoundsException'> (0x00000000d8037358) thrown at [C:\re\workspace\8-2-build-windows-amd64-cygwin\jdk8u201\12322\hotspot\src\share\vm\runtime\sharedRuntime.cpp, line 605]
Event: 1.394 Thread 0x0000000002ed4000 Exception <a 'java/lang/ArrayIndexOutOfBoundsException': 79> (0x00000000d809d8c0) thrown at [C:\re\workspace\8-2-build-windows-amd64-cygwin\jdk8u201\12322\hotspot\src\share\vm\interpreter\interpreterRuntime.cpp, line 368]
Event: 1.394 Thread 0x0000000002ed4000 Exception <a 'java/lang/ArrayIndexOutOfBoundsException': 38> (0x00000000d809e688) thrown at [C:\re\workspace\8-2-build-windows-amd64-cygwin\jdk8u201\12322\hotspot\src\share\vm\interpreter\interpreterRuntime.cpp, line 368]
Event: 1.394 Thread 0x0000000002ed4000 Exception <a 'java/lang/ArrayIndexOutOfBoundsException': 78> (0x00000000d809f658) thrown at [C:\re\workspace\8-2-build-windows-amd64-cygwin\jdk8u201\12322\hotspot\src\share\vm\interpreter\interpreterRuntime.cpp, line 368]
Event: 1.394 Thread 0x0000000002ed4000 Exception <a 'java/lang/ArrayIndexOutOfBoundsException': 81> (0x00000000d80a0618) thrown at [C:\re\workspace\8-2-build-windows-amd64-cygwin\jdk8u201\12322\hotspot\src\share\vm\interpreter\interpreterRuntime.cpp, line 368]
Event: 1.394 Thread 0x0000000002ed4000 Exception <a 'java/lang/ArrayIndexOutOfBoundsException': 83> (0x00000000d80a15e8) thrown at [C:\re\workspace\8-2-build-windows-amd64-cygwin\jdk8u201\12322\hotspot\src\share\vm\interpreter\interpreterRuntime.cpp, line 368]
Event: 2.546 Thread 0x0000000002ed4000 Exception <a 'java/lang/NoClassDefFoundError': oracle/security/pki/OraclePKIProvider> (0x00000000d7732120) thrown at [C:\re\workspace\8-2-build-windows-amd64-cygwin\jdk8u201\12322\hotspot\src\share\vm\classfile\systemDictionary.cpp, line 199]
Event: 4.690 Thread 0x0000000002ed4000 Implicit null exception at 0x00000000035c1e36 to 0x00000000035c2565

Events (10 events):
Event: 5.364 loading class net/bytebuddy/dynamic/DynamicType$Builder$FieldDefinition$Optional$Valuable$AbstractBase$Adapter
Event: 5.364 loading class net/bytebuddy/dynamic/DynamicType$Builder$FieldDefinition$Optional$Valuable$AbstractBase$Adapter done
Event: 5.365 loading class net/bytebuddy/dynamic/DynamicType$Builder$FieldDefinition$Optional$Valuable$AbstractBase
Event: 5.365 loading class net/bytebuddy/dynamic/DynamicType$Builder$FieldDefinition$Optional$Valuable$AbstractBase done
Event: 5.366 loading class net/bytebuddy/dynamic/DynamicType$Builder$FieldDefinition$Optional$AbstractBase
Event: 5.366 loading class net/bytebuddy/dynamic/DynamicType$Builder$FieldDefinition$Optional$AbstractBase done
Event: 5.367 loading class net/bytebuddy/implementation/attribute/FieldAttributeAppender$Factory
Event: 5.367 loading class net/bytebuddy/implementation/attribute/FieldAttributeAppender$Factory done
Event: 5.368 loading class net/bytebuddy/description/field/FieldDescription$Token
Event: 5.368 loading class net/bytebuddy/description/field/FieldDescription$Token done


Dynamic libraries:
0x00007ff7ed8c0000 - 0x00007ff7ed8f7000 	C:\Program Files\Java\jdk1.8.0_201\bin\javaw.exe
0x00007ff8ba2c0000 - 0x00007ff8ba4b0000 	C:\WINDOWS\SYSTEM32\ntdll.dll
0x00007ff8b85d0000 - 0x00007ff8b8682000 	C:\WINDOWS\System32\KERNEL32.DLL
0x00007ff8b7c80000 - 0x00007ff8b7f25000 	C:\WINDOWS\System32\KERNELBASE.dll
0x00007ff8b93a0000 - 0x00007ff8b9443000 	C:\WINDOWS\System32\ADVAPI32.dll
0x00007ff8b9580000 - 0x00007ff8b961e000 	C:\WINDOWS\System32\msvcrt.dll
0x00007ff8b98c0000 - 0x00007ff8b9957000 	C:\WINDOWS\System32\sechost.dll
0x00007ff8b84b0000 - 0x00007ff8b85cf000 	C:\WINDOWS\System32\RPCRT4.dll
0x00007ff8b9630000 - 0x00007ff8b97c4000 	C:\WINDOWS\System32\USER32.dll
0x00007ff8b8090000 - 0x00007ff8b80b1000 	C:\WINDOWS\System32\win32u.dll
0x00007ff8b89a0000 - 0x00007ff8b89c6000 	C:\WINDOWS\System32\GDI32.dll
0x00007ff8b80c0000 - 0x00007ff8b8258000 	C:\WINDOWS\System32\gdi32full.dll
0x00007ff8b7ae0000 - 0x00007ff8b7b7e000 	C:\WINDOWS\System32\msvcp_win.dll
0x00007ff8b7b80000 - 0x00007ff8b7c7a000 	C:\WINDOWS\System32\ucrtbase.dll
0x00007ff89dc00000 - 0x00007ff89de84000 	C:\WINDOWS\WinSxS\amd64_microsoft.windows.common-controls_6595b64144ccf1df_6.0.18362.1441_none_9e7da8f1e45ea808\COMCTL32.dll
0x00007ff8b9060000 - 0x00007ff8b9396000 	C:\WINDOWS\System32\combase.dll
0x00007ff8b8290000 - 0x00007ff8b8311000 	C:\WINDOWS\System32\bcryptPrimitives.dll
0x00007ff8b9890000 - 0x00007ff8b98be000 	C:\WINDOWS\System32\IMM32.DLL
0x00007ff8b6e30000 - 0x00007ff8b6f4f000 	C:\Program Files\Avecto\Privilege Guard Client\PGHook.dll
0x00007ff8b99e0000 - 0x00007ff8ba0c8000 	C:\WINDOWS\System32\shell32.dll
0x00007ff8b8320000 - 0x00007ff8b836a000 	C:\WINDOWS\System32\cfgmgr32.dll
0x00007ff8b97e0000 - 0x00007ff8b9887000 	C:\WINDOWS\System32\shcore.dll
0x00007ff8b72b0000 - 0x00007ff8b7a2b000 	C:\WINDOWS\System32\windows.storage.dll
0x00007ff8b71a0000 - 0x00007ff8b71be000 	C:\WINDOWS\System32\profapi.dll
0x00007ff8b71c0000 - 0x00007ff8b720a000 	C:\WINDOWS\System32\powrprof.dll
0x00007ff8b7170000 - 0x00007ff8b7180000 	C:\WINDOWS\System32\UMPDC.dll
0x00007ff8b88c0000 - 0x00007ff8b8912000 	C:\WINDOWS\System32\shlwapi.dll
0x00007ff8b7210000 - 0x00007ff8b7221000 	C:\WINDOWS\System32\kernel.appcore.dll
0x00007ff8b7230000 - 0x00007ff8b7247000 	C:\WINDOWS\System32\cryptsp.dll
0x00007ff8b6b50000 - 0x00007ff8b6b83000 	C:\WINDOWS\system32\rsaenh.dll
0x00007ff8b8260000 - 0x00007ff8b8286000 	C:\WINDOWS\System32\bcrypt.dll
0x00007ff8b6b10000 - 0x00007ff8b6b1c000 	C:\WINDOWS\SYSTEM32\CRYPTBASE.dll
0x000000005ec40000 - 0x000000005ed11000 	C:\Program Files\Java\jdk1.8.0_201\jre\bin\msvcr100.dll
0x0000000060ae0000 - 0x0000000061384000 	C:\Program Files\Java\jdk1.8.0_201\jre\bin\server\jvm.dll
0x00007ff8b9620000 - 0x00007ff8b9628000 	C:\WINDOWS\System32\PSAPI.DLL
0x00007ff899fc0000 - 0x00007ff899fc9000 	C:\WINDOWS\SYSTEM32\WSOCK32.dll
0x00007ff8ba0d0000 - 0x00007ff8ba13f000 	C:\WINDOWS\System32\WS2_32.dll
0x00007ff8af630000 - 0x00007ff8af63a000 	C:\WINDOWS\SYSTEM32\VERSION.dll
0x00007ff8b1d40000 - 0x00007ff8b1d64000 	C:\WINDOWS\SYSTEM32\WINMM.dll
0x00007ff8b1d10000 - 0x00007ff8b1d3d000 	C:\WINDOWS\SYSTEM32\winmmbase.dll
0x00007ff8b0ae0000 - 0x00007ff8b0aef000 	C:\Program Files\Java\jdk1.8.0_201\jre\bin\verify.dll
0x00007ff85a550000 - 0x00007ff85a579000 	C:\Program Files\Java\jdk1.8.0_201\jre\bin\java.dll
0x00007ff88bf30000 - 0x00007ff88bf9d000 	C:\Program Files\Manufacturer\Endpoint Agent\prntm64.dll
0x00007ff8b8690000 - 0x00007ff8b87e7000 	C:\WINDOWS\System32\ole32.dll
0x00007ff8b83e0000 - 0x00007ff8b84a5000 	C:\WINDOWS\System32\OLEAUT32.dll
0x00007ff8ad970000 - 0x00007ff8ad97c000 	C:\WINDOWS\SYSTEM32\Secur32.dll
0x00007ff8aa8e0000 - 0x00007ff8aa969000 	C:\WINDOWS\SYSTEM32\WINSPOOL.DRV
0x00007ff89b760000 - 0x00007ff89b806000 	C:\WINDOWS\SYSTEM32\MSVCP120.dll
0x00007ff89b670000 - 0x00007ff89b75f000 	C:\WINDOWS\SYSTEM32\MSVCR120.dll
0x00007ff8b3ac0000 - 0x00007ff8b3bb0000 	C:\WINDOWS\SYSTEM32\PROPSYS.dll
0x00007ff8b7050000 - 0x00007ff8b7087000 	C:\WINDOWS\SYSTEM32\SSPICLI.DLL
0x00007ff8b6560000 - 0x00007ff8b659a000 	C:\WINDOWS\SYSTEM32\IPHLPAPI.DLL
0x00007ff863150000 - 0x00007ff863166000 	C:\Program Files\Java\jdk1.8.0_201\jre\bin\zip.dll
0x00007ff8b7090000 - 0x00007ff8b70b5000 	C:\WINDOWS\SYSTEM32\USERENV.dll
0x00007ff85a530000 - 0x00007ff85a54a000 	C:\Program Files\Java\jdk1.8.0_201\jre\bin\net.dll
0x00007ff8a7510000 - 0x00007ff8a76e7000 	C:\WINDOWS\SYSTEM32\urlmon.dll
0x00007ff8a7a90000 - 0x00007ff8a7d37000 	C:\WINDOWS\SYSTEM32\iertutil.dll
0x00007ff8b6850000 - 0x00007ff8b68b7000 	C:\WINDOWS\system32\mswsock.dll
0x00007ff8b97d0000 - 0x00007ff8b97d8000 	C:\WINDOWS\System32\NSI.dll
0x00007ff8b0910000 - 0x00007ff8b0926000 	C:\WINDOWS\SYSTEM32\dhcpcsvc6.DLL
0x00007ff8b08d0000 - 0x00007ff8b08ec000 	C:\WINDOWS\SYSTEM32\dhcpcsvc.DLL
0x00007ff8b65a0000 - 0x00007ff8b666b000 	C:\WINDOWS\SYSTEM32\DNSAPI.dll
0x00007ff857e50000 - 0x00007ff857e61000 	C:\Program Files\Java\jdk1.8.0_201\jre\bin\nio.dll
0x00007ff8b0000000 - 0x00007ff8b000d000 	C:\Program Files\Java\jdk1.8.0_201\jre\bin\management.dll
0x00007ff8b08f0000 - 0x00007ff8b08fa000 	C:\Windows\System32\rasadhlp.dll
0x00007ff8b0eb0000 - 0x00007ff8b0f27000 	C:\WINDOWS\System32\fwpuclnt.dll
0x00007ff89a9a0000 - 0x00007ff89a9b6000 	C:\WINDOWS\system32\napinsp.dll
0x00007ff89a960000 - 0x00007ff89a97a000 	C:\WINDOWS\system32\pnrpnsp.dll
0x00007ff89a2f0000 - 0x00007ff89a2fe000 	C:\WINDOWS\System32\winrnr.dll
0x00007ff8b3db0000 - 0x00007ff8b3dcc000 	C:\WINDOWS\system32\NLAapi.dll
0x00007ff8b3760000 - 0x00007ff8b3775000 	C:\WINDOWS\system32\wshbth.dll
0x00007ff849840000 - 0x00007ff849864000 	C:\Program Files\Java\jdk1.8.0_201\jre\bin\sunec.dll

VM Arguments:
jvm_args: -Dfile.encoding=Cp1252 
java_command: HibernateDemo
java_class_path (initial): C:\Program Files\Java\jdk1.8.0_201\jre\lib\resources.jar;C:\Program Files\Java\jdk1.8.0_201\jre\lib\rt.jar;C:\Program Files\Java\jdk1.8.0_201\jre\lib\jsse.jar;C:\Program Files\Java\jdk1.8.0_201\jre\lib\jce.jar;C:\Program Files\Java\jdk1.8.0_201\jre\lib\charsets.jar;C:\Program Files\Java\jdk1.8.0_201\jre\lib\jfr.jar;C:\Program Files\Java\jdk1.8.0_201\jre\lib\ext\access-bridge-64.jar;C:\Program Files\Java\jdk1.8.0_201\jre\lib\ext\cldrdata.jar;C:\Program Files\Java\jdk1.8.0_201\jre\lib\ext\dnsns.jar;C:\Program Files\Java\jdk1.8.0_201\jre\lib\ext\jaccess.jar;C:\Program Files\Java\jdk1.8.0_201\jre\lib\ext\jfxrt.jar;C:\Program Files\Java\jdk1.8.0_201\jre\lib\ext\localedata.jar;C:\Program Files\Java\jdk1.8.0_201\jre\lib\ext\nashorn.jar;C:\Program Files\Java\jdk1.8.0_201\jre\lib\ext\sunec.jar;C:\Program Files\Java\jdk1.8.0_201\jre\lib\ext\sunjce_provider.jar;C:\Program Files\Java\jdk1.8.0_201\jre\lib\ext\sunmscapi.jar;C:\Program Files\Java\jdk1.8.0_201\jre\lib\ext\sunpkcs11.jar;C:\Program Files\Java\jdk1.8.0_201\jre\lib\ext\zipfs.jar;C:\Users\msayyed\Desktop\WKSPC\bookstore\bookstore\bin;C:\Users\msayyed\Desktop\WKSPC\bookstore\bookstore\lib\mysql-connector-java-5.1.29-bin.jar;C:\Users\msayyed\Downloads\hibernate-release-5.4.30.Final\hibernate-release-5.4.30.Final\lib\required\antlr-2.7.7.jar;C:\Users\msayyed\Downloads\hibernate-release-5.4.30.Final\hibernate-release-5.4.30.Final\lib\required\byte-buddy-1.10.21.jar;C:\Users\msayyed\Downloads\hibernate-release-5.4.30.Final\hibernate-release-5.4.30.Final\lib\required\classmate-1.5.1.jar;C:\Users\msayyed\Downloads\hibernate-release-5.4.30.Final\hibernate-release-5.4.30.Final\lib\required\dom4j-2.1.3.jar;C:\Users\msayyed\Downloads\hibernate-release-5.4.30.Final\hibernate-release-5.4.30.Final\lib\required\FastInfoset-1.2.15.jar;C:\Users\msayyed\Downloads\hibernate-release-5.4.30.Final\hibernate-release-5.4.30.Final\lib\required\hibernate-commons-annotations-5.1.2.Final.jar;C:\Users\msayyed\Downloads\
Launcher Type: SUN_STANDARD

Environment Variables:
JAVA_HOME=C:\Program Files\Java\jdk1.8.0_201
JRE_HOME=C:\Program Files\Java\jre1.8.0_201
PATH=C:/Program Files/Java/jdk1.8.0_201/bin/../jre/bin/server;C:/Program Files/Java/jdk1.8.0_201/bin/../jre/bin;C:/Program Files/Java/jdk1.8.0_201/bin/../jre/lib/amd64;C:\Python38\Scripts\;C:\Python38\;C:\WINDOWS\system32;C:\WINDOWS;C:\WINDOWS\System32\Wbem;C:\app\msayyed\product\11.2.0\dbhome_1\bin;C:\Program Files (x86)\Intel\Intel(R) Management Engine Components\iCLS\;C:\Program Files\Intel\Intel(R) Management Engine Components\iCLS\;C:\WINDOWS\system32;C:\WINDOWS;C:\WINDOWS\System32\Wbem;C:\WINDOWS\System32\WindowsPowerShell\v1.0\;C:\WINDOWS\System32\OpenSSH\;C:\Program Files (x86)\Intel\Intel(R) Management Engine Components\DAL;C:\Program Files\Intel\Intel(R) Management Engine Components\DAL;C:\Program Files (x86)\Intel\Intel(R) Management Engine Components\IPT;C:\Program Files\Intel\Intel(R) Management Engine Components\IPT;C:\Users\msayyed\AppData\Local\Microsoft\WindowsApps;C:\Program Files\TortoiseSVN\bin;C:\ProgramData\chocolatey\bin;C:\Program Files\nodejs\;C:\Program Files\Git\cmd;C:\Program Files\Java\jdk1.8.0_201\bin;C:\Program Files\Weblogic;C:\WINDOWS\System32\WindowsPowerShell\v1.0\;C:\WINDOWS\System3;C:\Users\msayyed\Desktop\scripts\apache-maven-3.8.1\bin;C:\Gradle\gradle-6.8.3\bin;C:\Users\msayyed\AppData\Local\Programs\Microsoft VS Code\bin;C:\Users\msayyed\AppData\Roaming\npm;C:\Users\msayyed\AppData\Local\GitHubDesktop\bin;C:\Program Files\MongoDB\Server\4.4\bin;C:\Users\msayyed\Documents\Softwares\eclipse;
USERNAME=msayyed
OS=Windows_NT
PROCESSOR_IDENTIFIER=Intel64 Family 6 Model 142 Stepping 10, GenuineIntel



---------------  S Y S T E M  ---------------

OS: Windows 10.0 , 64 bit Build 18362 (10.0.18362.1350)

CPU:total 8 (initial active 8) (4 cores per cpu, 2 threads per core) family 6 model 142 stepping 10, cmov, cx8, fxsr, mmx, sse, sse2, sse3, ssse3, sse4.1, sse4.2, popcnt, avx, avx2, aes, clmul, erms, rtm, 3dnowpref, lzcnt, ht, tsc, tscinvbit, bmi1, bmi2, adx

Memory: 4k page, physical 8227908k(592432k free), swap 33393732k(2284k free)

vm_info: Java HotSpot(TM) 64-Bit Server VM (25.201-b09) for windows-amd64 JRE (1.8.0_201-b09), built on Dec 15 2018 18:36:39 by "java_re" with MS VC++ 10.0 (VS2010)

time: Wed Apr 21 20:58:25 2021
timezone: India Standard Time
elapsed time: 5 seconds (0d 0h 0m 5s)

